[0.041s] Invoking command in '/home/somsubhra/ros2_ws/build/diff_drive_robot': CMAKE_PREFIX_PATH=${CMAKE_PREFIX_PATH}:/opt/ros/jazzy /usr/bin/cmake --build /home/somsubhra/ros2_ws/build/diff_drive_robot -- -j16 -l16
[0.262s] Invoked command in '/home/somsubhra/ros2_ws/build/diff_drive_robot' returned '0': CMAKE_PREFIX_PATH=${CMAKE_PREFIX_PATH}:/opt/ros/jazzy /usr/bin/cmake --build /home/somsubhra/ros2_ws/build/diff_drive_robot -- -j16 -l16
[0.282s] Invoking command in '/home/somsubhra/ros2_ws/build/diff_drive_robot': CMAKE_PREFIX_PATH=${CMAKE_PREFIX_PATH}:/opt/ros/jazzy /usr/bin/cmake --install /home/somsubhra/ros2_ws/build/diff_drive_robot
[0.295s] -- Install configuration: ""
[0.296s] -- Up-to-date: /home/somsubhra/ros2_ws/install/diff_drive_robot/share/diff_drive_robot/urdf
[0.297s] -- Up-to-date: /home/somsubhra/ros2_ws/install/diff_drive_robot/share/diff_drive_robot/urdf/robot.urdf.xacro
[0.297s] -- Up-to-date: /home/somsubhra/ros2_ws/install/diff_drive_robot/share/diff_drive_robot/launch
[0.298s] -- Installing: /home/somsubhra/ros2_ws/install/diff_drive_robot/share/diff_drive_robot/launch/spawn_robot.launch.py
[0.298s] -- Up-to-date: /home/somsubhra/ros2_ws/install/diff_drive_robot/share/diff_drive_robot/worlds
[0.299s] -- Installing: /home/somsubhra/ros2_ws/install/diff_drive_robot/share/diff_drive_robot/worlds/empty_world.sdf
[0.299s] -- Up-to-date: /home/somsubhra/ros2_ws/install/diff_drive_robot/share/diff_drive_robot/config
[0.300s] -- Up-to-date: /home/somsubhra/ros2_ws/install/diff_drive_robot/share/ament_index/resource_index/package_run_dependencies/diff_drive_robot
[0.300s] -- Up-to-date: /home/somsubhra/ros2_ws/install/diff_drive_robot/share/ament_index/resource_index/parent_prefix_path/diff_drive_robot
[0.300s] -- Up-to-date: /home/somsubhra/ros2_ws/install/diff_drive_robot/share/diff_drive_robot/environment/ament_prefix_path.sh
[0.301s] -- Up-to-date: /home/somsubhra/ros2_ws/install/diff_drive_robot/share/diff_drive_robot/environment/ament_prefix_path.dsv
[0.301s] -- Up-to-date: /home/somsubhra/ros2_ws/install/diff_drive_robot/share/diff_drive_robot/environment/path.sh
[0.301s] -- Up-to-date: /home/somsubhra/ros2_ws/install/diff_drive_robot/share/diff_drive_robot/environment/path.dsv
[0.301s] -- Up-to-date: /home/somsubhra/ros2_ws/install/diff_drive_robot/share/diff_drive_robot/local_setup.bash
[0.301s] -- Up-to-date: /home/somsubhra/ros2_ws/install/diff_drive_robot/share/diff_drive_robot/local_setup.sh
[0.301s] -- Up-to-date: /home/somsubhra/ros2_ws/install/diff_drive_robot/share/diff_drive_robot/local_setup.zsh
[0.301s] -- Up-to-date: /home/somsubhra/ros2_ws/install/diff_drive_robot/share/diff_drive_robot/local_setup.dsv
[0.302s] -- Up-to-date: /home/somsubhra/ros2_ws/install/diff_drive_robot/share/diff_drive_robot/package.dsv
[0.302s] -- Up-to-date: /home/somsubhra/ros2_ws/install/diff_drive_robot/share/ament_index/resource_index/packages/diff_drive_robot
[0.302s] -- Up-to-date: /home/somsubhra/ros2_ws/install/diff_drive_robot/share/diff_drive_robot/cmake/diff_drive_robotConfig.cmake
[0.302s] -- Up-to-date: /home/somsubhra/ros2_ws/install/diff_drive_robot/share/diff_drive_robot/cmake/diff_drive_robotConfig-version.cmake
[0.302s] -- Up-to-date: /home/somsubhra/ros2_ws/install/diff_drive_robot/share/diff_drive_robot/package.xml
[0.305s] Invoked command in '/home/somsubhra/ros2_ws/build/diff_drive_robot' returned '0': CMAKE_PREFIX_PATH=${CMAKE_PREFIX_PATH}:/opt/ros/jazzy /usr/bin/cmake --install /home/somsubhra/ros2_ws/build/diff_drive_robot
