-- The C compiler identification is GNU 13.3.0
-- The CXX compiler identification is GNU 13.3.0
-- Detecting C compiler ABI info
-- Detecting C compiler ABI info - done
-- Check for working C compiler: /usr/bin/cc - skipped
-- Detecting C compile features
-- Detecting C compile features - done
-- Detecting CXX compiler ABI info
-- Detecting CXX compiler ABI info - done
-- Check for working CXX compiler: /usr/bin/c++ - skipped
-- Detecting CXX compile features
-- Detecting CXX compile features - done
-- Found ament_cmake: 2.5.5 (/opt/ros/jazzy/share/ament_cmake/cmake)
-- Found Python3: /usr/bin/python3 (found version "3.12.3") found components: Interpreter 
-- Found rclcpp: 28.1.16 (/opt/ros/jazzy/share/rclcpp/cmake)
-- Found rosidl_generator_c: 4.6.7 (/opt/ros/jazzy/share/rosidl_generator_c/cmake)
-- Found rosidl_generator_cpp: 4.6.7 (/opt/ros/jazzy/share/rosidl_generator_cpp/cmake)
-- Using all available rosidl_typesupport_c: rosidl_typesupport_fastrtps_c;rosidl_typesupport_introspection_c
-- Using all available rosidl_typesupport_cpp: rosidl_typesupport_fastrtps_cpp;rosidl_typesupport_introspection_cpp
-- Found rmw_implementation_cmake: 7.3.3 (/opt/ros/jazzy/share/rmw_implementation_cmake/cmake)
-- Found rmw_fastrtps_cpp: 8.4.3 (/opt/ros/jazzy/share/rmw_fastrtps_cpp/cmake)
-- Found OpenSSL: /usr/lib/x86_64-linux-gnu/libcrypto.so (found version "3.0.13")  
-- Found FastRTPS: /opt/ros/jazzy/include (Required is at least version "2.13") 
-- Using RMW implementation 'rmw_fastrtps_cpp' as default
-- Found std_msgs: 5.3.6 (/opt/ros/jazzy/share/std_msgs/cmake)
-- Found sensor_msgs: 5.3.6 (/opt/ros/jazzy/share/sensor_msgs/cmake)
-- Configuring done (20.2s)
-- Generating done (0.0s)
-- Build files have been written to: /home/somsubhra/ros2_ws/build/diff_drive_robot
-- Install configuration: ""
-- Installing: /home/somsubhra/ros2_ws/install/diff_drive_robot/share/diff_drive_robot/urdf
-- Installing: /home/somsubhra/ros2_ws/install/diff_drive_robot/share/diff_drive_robot/urdf/robot.urdf.xacro
-- Installing: /home/somsubhra/ros2_ws/install/diff_drive_robot/share/diff_drive_robot/launch
-- Installing: /home/somsubhra/ros2_ws/install/diff_drive_robot/share/diff_drive_robot/worlds
-- Installing: /home/somsubhra/ros2_ws/install/diff_drive_robot/share/diff_drive_robot/config
-- Installing: /home/somsubhra/ros2_ws/install/diff_drive_robot/share/ament_index/resource_index/package_run_dependencies/diff_drive_robot
-- Installing: /home/somsubhra/ros2_ws/install/diff_drive_robot/share/ament_index/resource_index/parent_prefix_path/diff_drive_robot
-- Installing: /home/somsubhra/ros2_ws/install/diff_drive_robot/share/diff_drive_robot/environment/ament_prefix_path.sh
-- Installing: /home/somsubhra/ros2_ws/install/diff_drive_robot/share/diff_drive_robot/environment/ament_prefix_path.dsv
-- Installing: /home/somsubhra/ros2_ws/install/diff_drive_robot/share/diff_drive_robot/environment/path.sh
-- Installing: /home/somsubhra/ros2_ws/install/diff_drive_robot/share/diff_drive_robot/environment/path.dsv
-- Installing: /home/somsubhra/ros2_ws/install/diff_drive_robot/share/diff_drive_robot/local_setup.bash
-- Installing: /home/somsubhra/ros2_ws/install/diff_drive_robot/share/diff_drive_robot/local_setup.sh
-- Installing: /home/somsubhra/ros2_ws/install/diff_drive_robot/share/diff_drive_robot/local_setup.zsh
-- Installing: /home/somsubhra/ros2_ws/install/diff_drive_robot/share/diff_drive_robot/local_setup.dsv
-- Installing: /home/somsubhra/ros2_ws/install/diff_drive_robot/share/diff_drive_robot/package.dsv
-- Installing: /home/somsubhra/ros2_ws/install/diff_drive_robot/share/ament_index/resource_index/packages/diff_drive_robot
-- Installing: /home/somsubhra/ros2_ws/install/diff_drive_robot/share/diff_drive_robot/cmake/diff_drive_robotConfig.cmake
-- Installing: /home/somsubhra/ros2_ws/install/diff_drive_robot/share/diff_drive_robot/cmake/diff_drive_robotConfig-version.cmake
-- Installing: /home/somsubhra/ros2_ws/install/diff_drive_robot/share/diff_drive_robot/package.xml
