[0.033s] Invoking command in '/home/somsubhra/ros2_ws/build/diff_drive_robot': CMAKE_PREFIX_PATH=${CMAKE_PREFIX_PATH}:/opt/ros/jazzy /usr/bin/cmake /home/somsubhra/ros2_ws/src/diff_drive_robot -DCMAKE_INSTALL_PREFIX=/home/somsubhra/ros2_ws/install/diff_drive_robot
[1.466s] -- The C compiler identification is GNU 13.3.0
[5.958s] -- The CXX compiler identification is GNU 13.3.0
[10.297s] -- Detecting C compiler ABI info
[12.621s] -- Detecting C compiler ABI info - done
[12.636s] -- Check for working C compiler: /usr/bin/cc - skipped
[12.637s] -- Detecting C compile features
[12.638s] -- Detecting C compile features - done
[13.438s] -- Detecting CXX compiler ABI info
[14.961s] -- Detecting CXX compiler ABI info - done
[14.973s] -- Check for working CXX compiler: /usr/bin/c++ - skipped
[14.974s] -- Detecting CXX compile features
[14.975s] -- Detecting CXX compile features - done
[15.066s] -- Found ament_cmake: 2.5.5 (/opt/ros/jazzy/share/ament_cmake/cmake)
[15.335s] -- Found Python3: /usr/bin/python3 (found version "3.12.3") found components: Interpreter 
[15.684s] -- Found rclcpp: 28.1.16 (/opt/ros/jazzy/share/rclcpp/cmake)
[16.607s] -- Found rosidl_generator_c: 4.6.7 (/opt/ros/jazzy/share/rosidl_generator_c/cmake)
[16.647s] -- Found rosidl_generator_cpp: 4.6.7 (/opt/ros/jazzy/share/rosidl_generator_cpp/cmake)
[16.726s] -- Using all available rosidl_typesupport_c: rosidl_typesupport_fastrtps_c;rosidl_typesupport_introspection_c
[16.794s] -- Using all available rosidl_typesupport_cpp: rosidl_typesupport_fastrtps_cpp;rosidl_typesupport_introspection_cpp
[17.024s] -- Found rmw_implementation_cmake: 7.3.3 (/opt/ros/jazzy/share/rmw_implementation_cmake/cmake)
[17.039s] -- Found rmw_fastrtps_cpp: 8.4.3 (/opt/ros/jazzy/share/rmw_fastrtps_cpp/cmake)
[17.316s] -- Found OpenSSL: /usr/lib/x86_64-linux-gnu/libcrypto.so (found version "3.0.13")  
[18.382s] -- Found FastRTPS: /opt/ros/jazzy/include (Required is at least version "2.13") 
[19.060s] -- Using RMW implementation 'rmw_fastrtps_cpp' as default
[20.134s] -- Found std_msgs: 5.3.6 (/opt/ros/jazzy/share/std_msgs/cmake)
[20.178s] -- Found sensor_msgs: 5.3.6 (/opt/ros/jazzy/share/sensor_msgs/cmake)
[20.410s] -- Configuring done (20.2s)
[20.419s] -- Generating done (0.0s)
[20.426s] -- Build files have been written to: /home/somsubhra/ros2_ws/build/diff_drive_robot
[20.441s] Invoked command in '/home/somsubhra/ros2_ws/build/diff_drive_robot' returned '0': CMAKE_PREFIX_PATH=${CMAKE_PREFIX_PATH}:/opt/ros/jazzy /usr/bin/cmake /home/somsubhra/ros2_ws/src/diff_drive_robot -DCMAKE_INSTALL_PREFIX=/home/somsubhra/ros2_ws/install/diff_drive_robot
[20.444s] Invoking command in '/home/somsubhra/ros2_ws/build/diff_drive_robot': CMAKE_PREFIX_PATH=${CMAKE_PREFIX_PATH}:/opt/ros/jazzy /usr/bin/cmake --build /home/somsubhra/ros2_ws/build/diff_drive_robot -- -j16 -l16
[20.506s] Invoked command in '/home/somsubhra/ros2_ws/build/diff_drive_robot' returned '0': CMAKE_PREFIX_PATH=${CMAKE_PREFIX_PATH}:/opt/ros/jazzy /usr/bin/cmake --build /home/somsubhra/ros2_ws/build/diff_drive_robot -- -j16 -l16
[20.522s] Invoking command in '/home/somsubhra/ros2_ws/build/diff_drive_robot': CMAKE_PREFIX_PATH=${CMAKE_PREFIX_PATH}:/opt/ros/jazzy /usr/bin/cmake --install /home/somsubhra/ros2_ws/build/diff_drive_robot
[20.534s] -- Install configuration: ""
[20.534s] -- Installing: /home/somsubhra/ros2_ws/install/diff_drive_robot/share/diff_drive_robot/urdf
[20.534s] -- Installing: /home/somsubhra/ros2_ws/install/diff_drive_robot/share/diff_drive_robot/urdf/robot.urdf.xacro
[20.535s] -- Installing: /home/somsubhra/ros2_ws/install/diff_drive_robot/share/diff_drive_robot/launch
[20.536s] -- Installing: /home/somsubhra/ros2_ws/install/diff_drive_robot/share/diff_drive_robot/worlds
[20.537s] -- Installing: /home/somsubhra/ros2_ws/install/diff_drive_robot/share/diff_drive_robot/config
[20.538s] -- Installing: /home/somsubhra/ros2_ws/install/diff_drive_robot/share/ament_index/resource_index/package_run_dependencies/diff_drive_robot
[20.539s] -- Installing: /home/somsubhra/ros2_ws/install/diff_drive_robot/share/ament_index/resource_index/parent_prefix_path/diff_drive_robot
[20.540s] -- Installing: /home/somsubhra/ros2_ws/install/diff_drive_robot/share/diff_drive_robot/environment/ament_prefix_path.sh
[20.540s] -- Installing: /home/somsubhra/ros2_ws/install/diff_drive_robot/share/diff_drive_robot/environment/ament_prefix_path.dsv
[20.541s] -- Installing: /home/somsubhra/ros2_ws/install/diff_drive_robot/share/diff_drive_robot/environment/path.sh
[20.541s] -- Installing: /home/somsubhra/ros2_ws/install/diff_drive_robot/share/diff_drive_robot/environment/path.dsv
[20.541s] -- Installing: /home/somsubhra/ros2_ws/install/diff_drive_robot/share/diff_drive_robot/local_setup.bash
[20.542s] -- Installing: /home/somsubhra/ros2_ws/install/diff_drive_robot/share/diff_drive_robot/local_setup.sh
[20.543s] -- Installing: /home/somsubhra/ros2_ws/install/diff_drive_robot/share/diff_drive_robot/local_setup.zsh
[20.543s] -- Installing: /home/somsubhra/ros2_ws/install/diff_drive_robot/share/diff_drive_robot/local_setup.dsv
[20.544s] -- Installing: /home/somsubhra/ros2_ws/install/diff_drive_robot/share/diff_drive_robot/package.dsv
[20.544s] -- Installing: /home/somsubhra/ros2_ws/install/diff_drive_robot/share/ament_index/resource_index/packages/diff_drive_robot
[20.544s] -- Installing: /home/somsubhra/ros2_ws/install/diff_drive_robot/share/diff_drive_robot/cmake/diff_drive_robotConfig.cmake
[20.544s] -- Installing: /home/somsubhra/ros2_ws/install/diff_drive_robot/share/diff_drive_robot/cmake/diff_drive_robotConfig-version.cmake
[20.545s] -- Installing: /home/somsubhra/ros2_ws/install/diff_drive_robot/share/diff_drive_robot/package.xml
[20.548s] Invoked command in '/home/somsubhra/ros2_ws/build/diff_drive_robot' returned '0': CMAKE_PREFIX_PATH=${CMAKE_PREFIX_PATH}:/opt/ros/jazzy /usr/bin/cmake --install /home/somsubhra/ros2_ws/build/diff_drive_robot
